<?xml version="1.0" encoding="UTF-8"?>
<!-- Generated by org.testng.reporters.JUnitXMLReporter -->
<testsuite hostname="VDIHUB10552" name="Test" tests="1" failures="1" timestamp="23 Feb 2021 10:28:26 GMT" time="9.809" errors="0">
  <testcase name="@AfterTest tearDown" time="0.0" classname="Driver.DriverInit">
    <failure type="java.io.IOException" message="Request returned status Code 400Body:{&amp;quot;errors&amp;quot;:[{&amp;quot;message&amp;quot;:&amp;quot;Does not contain a valid address.&amp;quot;,&amp;quot;field&amp;quot;:&amp;quot;personalizations.0.to.0.email&amp;quot;,&amp;quot;help&amp;quot;:&amp;quot;http://sendgrid.com/docs/API_Reference/Web_API_v3/Mail/errors.html#message.personalizations.to&amp;quot;}]}">
      <![CDATA[java.io.IOException: Request returned status Code 400Body:{"errors":[{"message":"Does not contain a valid address.","field":"personalizations.0.to.0.email","help":"http://sendgrid.com/docs/API_Reference/Web_API_v3/Mail/errors.html#message.personalizations.to"}]}
	at com.sendgrid.Client.executeApiCall(Client.java:287)
	at com.sendgrid.Client.post(Client.java:192)
	at com.sendgrid.Client.api(Client.java:310)
	at com.sendgrid.SendGrid.makeCall(SendGrid.java:151)
	at com.sendgrid.SendGrid.api(SendGrid.java:173)
	at Utils.commons.sendMail(commons.java:144)
	at Driver.DriverInit.tearDown(DriverInit.java:239)
... Removed 22 stack frames]]>
    </failure>
  </testcase> <!-- @AfterTest tearDown -->
  <testcase name="startSuite" time="1.456" classname="Driver.DriverInit">
    <failure type="org.openqa.selenium.WebDriverException" message="unknown error: cannot find Chrome binary
  (Driver info: chromedriver=2.37.543627 (63642262d9fb93fb4ab52398be4286d844092a5e),platform=Windows NT 10.0.18363 x86_64) (WARNING: The server did not provide any stacktrace information)
Command duration or timeout: 66 milliseconds
Build info: version: &amp;apos;3.11.0&amp;apos;, revision: &amp;apos;e59cfb3&amp;apos;, time: &amp;apos;2018-03-11T20:26:55.152Z&amp;apos;
System info: host: &amp;apos;VDIHUB10552&amp;apos;, ip: &amp;apos;10.119.34.48&amp;apos;, os.name: &amp;apos;Windows 10&amp;apos;, os.arch: &amp;apos;amd64&amp;apos;, os.version: &amp;apos;10.0&amp;apos;, java.version: &amp;apos;1.8.0_201&amp;apos;
Driver info: driver.version: ChromeDriver">
      <![CDATA[org.openqa.selenium.WebDriverException: unknown error: cannot find Chrome binary
  (Driver info: chromedriver=2.37.543627 (63642262d9fb93fb4ab52398be4286d844092a5e),platform=Windows NT 10.0.18363 x86_64) (WARNING: The server did not provide any stacktrace information)
Command duration or timeout: 66 milliseconds
Build info: version: '3.11.0', revision: 'e59cfb3', time: '2018-03-11T20:26:55.152Z'
System info: host: 'VDIHUB10552', ip: '10.119.34.48', os.name: 'Windows 10', os.arch: 'amd64', os.version: '10.0', java.version: '1.8.0_201'
Driver info: driver.version: ChromeDriver
	at org.openqa.selenium.remote.ErrorHandler.createThrowable(ErrorHandler.java:214)
	at org.openqa.selenium.remote.ErrorHandler.throwIfResponseFailed(ErrorHandler.java:166)
	at org.openqa.selenium.remote.JsonWireProtocolResponse.lambda$new$0(JsonWireProtocolResponse.java:53)
	at org.openqa.selenium.remote.JsonWireProtocolResponse.lambda$getResponseFunction$2(JsonWireProtocolResponse.java:91)
	at org.openqa.selenium.remote.ProtocolHandshake.lambda$createSession$0(ProtocolHandshake.java:123)
	at java.util.stream.ReferencePipeline$3$1.accept(Unknown Source)
	at java.util.Spliterators$ArraySpliterator.tryAdvance(Unknown Source)
	at java.util.stream.ReferencePipeline.forEachWithCancel(Unknown Source)
	at java.util.stream.AbstractPipeline.copyIntoWithCancel(Unknown Source)
	at java.util.stream.AbstractPipeline.copyInto(Unknown Source)
	at java.util.stream.AbstractPipeline.wrapAndCopyInto(Unknown Source)
	at java.util.stream.FindOps$FindOp.evaluateSequential(Unknown Source)
	at java.util.stream.AbstractPipeline.evaluate(Unknown Source)
	at java.util.stream.ReferencePipeline.findFirst(Unknown Source)
	at org.openqa.selenium.remote.ProtocolHandshake.createSession(ProtocolHandshake.java:126)
	at org.openqa.selenium.remote.ProtocolHandshake.createSession(ProtocolHandshake.java:73)
	at org.openqa.selenium.remote.HttpCommandExecutor.execute(HttpCommandExecutor.java:136)
	at org.openqa.selenium.remote.service.DriverCommandExecutor.execute(DriverCommandExecutor.java:83)
	at org.openqa.selenium.remote.RemoteWebDriver.execute(RemoteWebDriver.java:545)
	at org.openqa.selenium.remote.RemoteWebDriver.startSession(RemoteWebDriver.java:209)
	at org.openqa.selenium.remote.RemoteWebDriver.<init>(RemoteWebDriver.java:132)
	at org.openqa.selenium.chrome.ChromeDriver.<init>(ChromeDriver.java:181)
	at org.openqa.selenium.chrome.ChromeDriver.<init>(ChromeDriver.java:168)
	at org.openqa.selenium.chrome.ChromeDriver.<init>(ChromeDriver.java:157)
	at Driver.DriverInit.initiateDriver(DriverInit.java:206)
	at Driver.DriverInit.startSuite(DriverInit.java:61)
... Removed 28 stack frames]]>
    </failure>
  </testcase> <!-- startSuite -->
</testsuite> <!-- Test -->
